[zuiying6.webnode.tw/index.html]
[backblue.gif]
[fade.gif]
[index.html]
[zuiying6.webnode.tw/wnd_header.set]
[zuiying6.webnode.tw/index.html]
[use.typekit.net/njp4uhl.css]
[www.google-analytics.com/analytics.js]
[zuiying6.webnode.tw/_files/200000000-0229402296/450/東方.jpg]
[zuiying6.webnode.tw/關於/wnd_header.10.delayed]
[zuiying6.webnode.tw/_files/200000043-7fc427fc43/450/Desktop2.jpg]
[zuiying6.webnode.tw/home/index.html]
[d1di2lzuh97fh2.cloudfront.net/files/0m/0ma/0majah2467.js]
[zuiying6.webnode.tw/_files/200000042-9c6c79c6c9/450/QQ图片20210824110611.jpg]
[d1di2lzuh97fh2.cloudfront.net/client.fe/js.compiled/lang.zh-tw.5482467.js]
[zuiying6.webnode.tw/_files/200000005-9874e98750/帕秋莉.jpg]
[d1di2lzuh97fh2.cloudfront.net/client.fe/js.compiled/compiled.multi.2-10412467.js]
[zuiying6.webnode.tw/_files/200000005-9874e98750/200/帕秋莉.jpg]
[zuiying6.webnode.tw/_files/200000006-6b1b36b1b5/zsx.jpg]
[zuiying6.webnode.tw/_files/200000006-6b1b36b1b5/200/zsx.jpg]
[zuiying6.webnode.tw/_files/200000007-5990359905/200/bang.jpg]
[zuiying6.webnode.tw/_files/200000034-976d1976d3/200/nan.jpg]
[zuiying6.webnode.tw/_files/200000035-9bd069bd08/200/lei.jpg]
[zuiying6.webnode.tw/關於/index.html]
[zuiying6.webnode.tw/旅行/wnd_header.set]
[zuiying6.webnode.tw/_files/200000039-d2719d271b/450/QQ图片20210824110531.jpg]
[zuiying6.webnode.tw/_files/200000049-64db264db4/200/logo.png]
[zuiying6.webnode.tw/_files/200000053-7cdd57cdd6/L-)BSC_4{$7AKXSMSLYZ9GB.png]
[zuiying6.webnode.tw/_files/200000053-7cdd57cdd6/200/L-)BSC_4{$7AKXSMSLYZ9GB.png]
[zuiying6.webnode.tw/_files/200000052-ada0eada10/-]9(4TB_(GZHG16P_0(76ZF.png]
[zuiying6.webnode.tw/_files/200000052-ada0eada10/200/-]9(4TB_(GZHG16P_0(76ZF.png]
[zuiying6.webnode.tw/旅行/index.html]
[zuiying6.webnode.tw/相簿/wnd_header.set]
[zuiying6.webnode.tw/_files/200000040-d593bd593d/450/QQ图片20210824110601.jpg]
[zuiying6.webnode.tw/_files/200000019-0083400838/200/xd.jpg]
[zuiying6.webnode.tw/_files/200000054-0204302045/2021-08-24_16.16.41.png]
[zuiying6.webnode.tw/_files/200000054-0204302045/200/2021-08-24_16.16.41.png]
[zuiying6.webnode.tw/_files/200000056-602f7602fa/2021-08-24_16.17.07.png]
[zuiying6.webnode.tw/_files/200000056-602f7602fa/200/2021-08-24_16.17.07.png]
[zuiying6.webnode.tw/_files/200000059-173fa173fd/2021-08-24_16.18.25.png]
[zuiying6.webnode.tw/_files/200000059-173fa173fd/200/2021-08-24_16.18.25.png]
[zuiying6.webnode.tw/_files/200000058-dad45dad47/2021-08-24_16.18.17.png]
[zuiying6.webnode.tw/_files/200000058-dad45dad47/200/2021-08-24_16.18.17.png]
[zuiying6.webnode.tw/_files/200000060-91a2291a25/2021-08-24_15.45.34.png]
[zuiying6.webnode.tw/_files/200000060-91a2291a25/200/2021-08-24_15.45.34.png]
[zuiying6.webnode.tw/_files/200000061-699f1699f3/2021-08-24_16.02.43.png]
[zuiying6.webnode.tw/_files/200000061-699f1699f3/200/2021-08-24_16.02.43.png]
[zuiying6.webnode.tw/相簿/index.html]
[zuiying6.webnode.tw/聯絡/wnd_header.set]
[zuiying6.webnode.tw/_files/200000041-ba61fba621/450/QQ图片20210824110604.jpg]
[zuiying6.webnode.tw/聯絡/index.html]
[d1di2lzuh97fh2.cloudfront.net/files/30/30d/30dohv2467.css]
[d1di2lzuh97fh2.cloudfront.net/files/28/28q/28qgt22467.css]
[d1di2lzuh97fh2.cloudfront.net/files/0o/0oq/0oq7ka2467.css]
[d1di2lzuh97fh2.cloudfront.net/files/1w/1wx/1wx6r52467.css]
[d1di2lzuh97fh2.cloudfront.net/files/2z/2za/2zawaj2467.css]
[d1di2lzuh97fh2.cloudfront.net/files/40/40o/40ocdy2467.css]
[d1di2lzuh97fh2.cloudfront.net/files/3q/3qw/3qwf532467.css]
[d1di2lzuh97fh2.cloudfront.net/files/22/223/2237cm2467.css]
[d1di2lzuh97fh2.cloudfront.net/files/09/092/092oxa2467.css]
[d1di2lzuh97fh2.cloudfront.net/files/1a/1a7/1a728k.png]
[d1di2lzuh97fh2.cloudfront.net/files/3y/3yb/3ybh5o.png]
[d1di2lzuh97fh2.cloudfront.net/files/3x/3xw/3xwanv.gif]
[use.typekit.net/njp4uhl.css]
[zuiying6.webnode.tw/wnd_header.html]
[use.typekit.net/af/ad9c1c/000000000000000077359549/30/lff69]
[use.typekit.net/af/ad9c1c/000000000000000077359549/30/aff69]
[use.typekit.net/af/ad9c1c/000000000000000077359549/30/dff69]
[use.typekit.net/af/671919/00000000000000007735954e/30/d263d]
[use.typekit.net/af/671919/00000000000000007735954e/30/l263d]
[zuiying6.webnode.tw/home/wnd_header.bc.delayed]
[zuiying6.webnode.tw/home/index.html]
[zuiying6.webnode.tw/關於/wnd_header.html]
[zuiying6.webnode.tw/旅行/wnd_header.html]
[use.typekit.net/af/98e3f6/000000000000000077359562/30/d04c7]
[zuiying6.webnode.tw/相簿/wnd_header.html]
[use.typekit.net/af/98e3f6/000000000000000077359562/30/a04c7]
[zuiying6.webnode.tw/聯絡/wnd_header.html]
[use.typekit.net/af/671919/00000000000000007735954e/30/a263d]
[zuiying6.webnode.tw/_files/200000026-ada09ada0b/200/twitter-svgrepo-com-4.svg]
[use.typekit.net/af/98e3f6/000000000000000077359562/30/l04c7]
[use.typekit.net/af/624cab/000000000000000077359558/30/l3fe8]
[use.typekit.net/af/199a3f/00000000000000007735955e/30/la39f]
[zuiying6.webnode.tw/_files/200000027-bc822bc824/200/youtube-svgrepo-com-9.svg]
[use.typekit.net/af/624cab/000000000000000077359558/30/d3fe8]
[zuiying6.webnode.tw/_files/200000032-6414664148/200/Twitch_Glitch_Logo_Purple.svg]
[use.typekit.net/af/199a3f/00000000000000007735955e/30/aa39f]
[use.typekit.net/af/00841f/000000000000000077359564/30/d19d3]
[zuiying6.webnode.tw/_files/200000030-7351a7351d/200/pinterest-svgrepo-com-3.svg]
[use.typekit.net/af/624cab/000000000000000077359558/30/a3fe8]
[use.typekit.net/af/199a3f/00000000000000007735955e/30/da39f]
[use.typekit.net/af/00841f/000000000000000077359564/30/l19d3]
[zuiying6.webnode.tw/_files/200000031-ceb98ceb9b/200/reddit-svgrepo-com.svg]
[use.typekit.net/af/00841f/000000000000000077359564/30/a19d3]
[use.typekit.net/af/7a16a7/000000000000000077359568/30/l04b5]
[zuiying6.webnode.tw/_files/200000022-414ce414d0/200/github-svgrepo-com.svg]
[use.typekit.net/af/4daeb9/00000000000000007735956c/30/d4ddc]
[use.typekit.net/af/7a16a7/000000000000000077359568/30/a04b5]
[zuiying6.webnode.tw/_files/200000029-0996109963/200/discord-v2-svgrepo-com.svg]
[use.typekit.net/af/7a16a7/000000000000000077359568/30/d04b5]
[use.typekit.net/af/e4b1a9/000000000000000077359571/30/l9f0d]
[zuiying6.webnode.tw/_files/200000033-5d86a5d86c/200/Gmail_icon_(2020).svg]
[use.typekit.net/af/4daeb9/00000000000000007735956c/30/l4ddc]
[use.typekit.net/af/e4b1a9/000000000000000077359571/30/a9f0d]
[zuiying6.webnode.tw/_files/200000028-824d2824d3/200/蓝色小电视bilibili.svg]
[use.typekit.net/af/4daeb9/00000000000000007735956c/30/a4ddc]
[use.typekit.net/af/e4b1a9/000000000000000077359571/30/d9f0d]
[p.typekit.net/p6abb.css]
[use.typekit.net/af/eb4c83/000000000000000077359574/30/l01ea]
[use.typekit.net/af/eb4c83/000000000000000077359574/30/d01ea]
[use.typekit.net/af/eb4c83/000000000000000077359574/30/a01ea]
[use.typekit.net/af/d45b9a/000000000000000077359577/30/l64f0]
[use.typekit.net/af/d45b9a/000000000000000077359577/30/d64f0]
[use.typekit.net/af/d45b9a/000000000000000077359577/30/a64f0]
[use.typekit.net/af/6cc429/00000000000000007735957a/30/l34b8]
[use.typekit.net/af/6cc429/00000000000000007735957a/30/d34b8]
[use.typekit.net/af/6cc429/00000000000000007735957a/30/a34b8]
[use.typekit.net/af/56b0cd/00000000000000007735957d/30/a0ac7]
[use.typekit.net/af/56b0cd/00000000000000007735957d/30/l0ac7]
[use.typekit.net/af/fcae55/000000000000000077359580/30/a00c0]
[use.typekit.net/af/56b0cd/00000000000000007735957d/30/d0ac7]
[use.typekit.net/af/fcae55/000000000000000077359580/30/l00c0]
[use.typekit.net/af/0758f3/000000000000000077359583/30/aa2f9]
[use.typekit.net/af/fcae55/000000000000000077359580/30/d00c0]
[use.typekit.net/af/69ecb3/000000000000000077359585/30/d0dca]
[use.typekit.net/af/0758f3/000000000000000077359583/30/la2f9]
[use.typekit.net/af/0758f3/000000000000000077359583/30/da2f9]
[use.typekit.net/af/69ecb3/000000000000000077359585/30/l0dca]
[use.typekit.net/af/69ecb3/000000000000000077359585/30/a0dca]
[use.typekit.net/af/32d3ee/0000000000000000000132e0/27/a34b8]
[use.typekit.net/af/32d3ee/0000000000000000000132e0/27/d34b8]
[zuiying6.webnode.tw/home/wnd_header.html]
[use.typekit.net/af/32d3ee/0000000000000000000132e0/27/l34b8]
[use.typekit.net/af/8f4e31/0000000000000000000132e3/27/l04c7]
[use.typekit.net/af/383ab4/0000000000000000000132e4/27/d3fe8]
[use.typekit.net/af/8f4e31/0000000000000000000132e3/27/a04c7]
[use.typekit.net/af/a96fa9/000000000000000077359de4/30/l04b5]
[use.typekit.net/af/8f4e31/0000000000000000000132e3/27/d04c7]
[use.typekit.net/af/383ab4/0000000000000000000132e4/27/l3fe8]
[use.typekit.net/af/9270e6/000000000000000077359dec/30/l4ddc]
[use.typekit.net/af/383ab4/0000000000000000000132e4/27/a3fe8]
[use.typekit.net/af/9270e6/000000000000000077359dec/30/d4ddc]
[use.typekit.net/af/9270e6/000000000000000077359dec/30/a4ddc]
[use.typekit.net/af/1281a1/000000000000000077359ded/30/l0ac7]
[use.typekit.net/af/a96fa9/000000000000000077359de4/30/d04b5]
[use.typekit.net/af/08312f/000000000000000077359dee/30/l00c0]
[use.typekit.net/af/08312f/000000000000000077359dee/30/d00c0]
[use.typekit.net/af/a96fa9/000000000000000077359de4/30/a04b5]
[use.typekit.net/af/d03e48/000000000000000077359df2/30/la2f9]
[use.typekit.net/af/1281a1/000000000000000077359ded/30/d0ac7]
[use.typekit.net/af/1281a1/000000000000000077359ded/30/a0ac7]
[use.typekit.net/af/d03e48/000000000000000077359df2/30/aa2f9]
[use.typekit.net/af/b59a99/000000000000000077359df3/30/l0dca]
[use.typekit.net/af/b59a99/000000000000000077359df3/30/d0dca]
[use.typekit.net/af/08312f/000000000000000077359dee/30/a00c0]
[use.typekit.net/af/d03e48/000000000000000077359df2/30/da2f9]
[use.typekit.net/af/b59a99/000000000000000077359df3/30/a0dca]
[use.typekit.net/af/257c86/000000000000000077359df6/30/lff69]
[use.typekit.net/af/037411/000000000000000077359df7/30/l263d]
[use.typekit.net/af/257c86/000000000000000077359df6/30/dff69]
[use.typekit.net/af/ab60ca/000000000000000077359de6/30/l64f0]
[use.typekit.net/af/037411/000000000000000077359df7/30/a263d]
[use.typekit.net/af/257c86/000000000000000077359df6/30/aff69]
[use.typekit.net/af/952df1/000000000000000077359dea/30/l04c7]
[use.typekit.net/af/037411/000000000000000077359df7/30/d263d]
[use.typekit.net/af/ab60ca/000000000000000077359de6/30/d64f0]
[use.typekit.net/af/ab60ca/000000000000000077359de6/30/a64f0]
[use.typekit.net/af/952df1/000000000000000077359dea/30/d04c7]
[use.typekit.net/af/952df1/000000000000000077359dea/30/a04c7]
[use.typekit.net/af/e8c22b/00000000000000007735a3a4/30/l64f0]
[use.typekit.net/af/e8c22b/00000000000000007735a3a4/30/d64f0]
[use.typekit.net/af/e8c22b/00000000000000007735a3a4/30/a64f0]
[use.typekit.net/af/3f4c3a/00000000000000007735a3a9/30/la2f9]
[use.typekit.net/af/396947/00000000000000007735a3a7/30/l34b8]
[use.typekit.net/af/396947/00000000000000007735a3a7/30/d34b8]
[use.typekit.net/af/396947/00000000000000007735a3a7/30/a34b8]
[use.typekit.net/af/e45fab/00000000000000007735a3ab/30/l0dca]
[use.typekit.net/af/e45fab/00000000000000007735a3ab/30/d0dca]
[use.typekit.net/af/ddc6f6/00000000000000007735a3ad/30/l0ac7]
[use.typekit.net/af/ddc6f6/00000000000000007735a3ad/30/d0ac7]
[use.typekit.net/af/3f4c3a/00000000000000007735a3a9/30/da2f9]
[use.typekit.net/af/3f4c3a/00000000000000007735a3a9/30/aa2f9]
[use.typekit.net/af/e45fab/00000000000000007735a3ab/30/a0dca]
[use.typekit.net/af/ddc6f6/00000000000000007735a3ad/30/a0ac7]
[use.typekit.net/af/dd7c06/00000000000000007735a3af/30/a00c0]
[use.typekit.net/af/175b25/00000000000000007735a3b1/30/d04c7]
[use.typekit.net/af/175b25/00000000000000007735a3b1/30/l04c7]
[use.typekit.net/af/175b25/00000000000000007735a3b1/30/a04c7]
[use.typekit.net/af/dd7c06/00000000000000007735a3af/30/l00c0]
[use.typekit.net/af/dd7c06/00000000000000007735a3af/30/d00c0]
[use.typekit.net/af/84a20c/00000000000000007735a3b3/30/l3fe8]
[use.typekit.net/af/84a20c/00000000000000007735a3b3/30/d3fe8]
[use.typekit.net/af/84a20c/00000000000000007735a3b3/30/a3fe8]
[use.typekit.net/af/e61d82/0000000000000000000124fe/27/l34b8]
[use.typekit.net/af/73cd70/000000000000000077359d40/30/l64f0]
[use.typekit.net/af/73cd70/000000000000000077359d40/30/d64f0]
[use.typekit.net/af/73cd70/000000000000000077359d40/30/a64f0]
[use.typekit.net/af/63cd12/0000000000000000000124ff/27/l04c7]
[use.typekit.net/af/63cd12/0000000000000000000124ff/27/d04c7]
[use.typekit.net/af/e614cb/0000000000000000000124fd/27/l3fe8]
[use.typekit.net/af/63cd12/0000000000000000000124ff/27/a04c7]
[use.typekit.net/af/e614cb/0000000000000000000124fd/27/a3fe8]
[use.typekit.net/af/e61d82/0000000000000000000124fe/27/d34b8]
[use.typekit.net/af/e61d82/0000000000000000000124fe/27/a34b8]
[use.typekit.net/af/e614cb/0000000000000000000124fd/27/d3fe8]
[use.typekit.net/af/1da05b/0000000000000000000132df/27/l64f0]
[use.typekit.net/af/1da05b/0000000000000000000132df/27/d64f0]
[use.typekit.net/af/1da05b/0000000000000000000132df/27/a64f0]
